Vivado Simulator 2018.3
Copyright 1986-1999, 2001-2018 Xilinx, Inc. All Rights Reserved.
Running: C:/Xilinx/Vivado/2018.3/bin/unwrapped/win64.o/xelab.exe -wto 8d9375bfc909493da2634172909e7f26 --incr --debug typical --relax --mt 2 -L xil_defaultlib -L secureip --snapshot DataPath_func_synth xil_defaultlib.DataPath -log elaborate.log 
Using 2 slave threads.
Starting static elaboration
Completed static elaboration
Starting simulation data flow analysis
Completed simulation data flow analysis
Time Resolution for simulation is 1ps
Compiling package std.standard
Compiling package std.textio
Compiling package ieee.std_logic_1164
Compiling package ieee.numeric_std
Compiling package unisim.vcomponents
Compiling package ieee.vital_timing
Compiling package ieee.vital_primitives
Compiling package unisim.vpkg
Compiling architecture lut5_v of entity unisim.LUT5 [\LUT5(init="00001111000110111111...]
Compiling architecture structure of entity xil_defaultlib.Final [final_default]
Compiling architecture structure of entity xil_defaultlib.TwoInMux [twoinmux_default]
Compiling architecture lut5_v of entity unisim.LUT5 [\LUT5(init="00000000000000001111...]
Compiling architecture lut2_v of entity unisim.LUT2 [\LUT2(init="0010")(0,3)\]
Compiling architecture lut3_v of entity unisim.LUT3 [\LUT3(init="10111000")(0,7)\]
Compiling architecture lut6_v of entity unisim.LUT6 [\LUT6(init="00000000000000000000...]
Compiling architecture lut6_v of entity unisim.LUT6 [\LUT6(init="10001000100010001111...]
Compiling architecture lut6_v of entity unisim.LUT6 [\LUT6(init="00000000000000000000...]
Compiling architecture lut5_v of entity unisim.LUT5 [\LUT5(init="11100010000000000000...]
Compiling architecture lut6_v of entity unisim.LUT6 [\LUT6(init="11111000111010101111...]
Compiling architecture lut6_v of entity unisim.LUT6 [\LUT6(init="00000000000000100000...]
Compiling architecture lut6_v of entity unisim.LUT6 [\LUT6(init="00000000000000000000...]
Compiling architecture lut5_v of entity unisim.LUT5 [\LUT5(init="11111111111111111010...]
Compiling architecture lut5_v of entity unisim.LUT5 [\LUT5(init="11111111111111111111...]
Compiling architecture lut6_v of entity unisim.LUT6 [\LUT6(init="10001000100010001000...]
Compiling architecture lut6_v of entity unisim.LUT6 [\LUT6(init="11111111111111111111...]
Compiling architecture lut5_v of entity unisim.LUT5 [\LUT5(init="11101111111100001110...]
Compiling architecture lut5_v of entity unisim.LUT5 [\LUT5(init="11111111001000000010...]
Compiling architecture lut6_v of entity unisim.LUT6 [\LUT6(init="00000000000000000000...]
Compiling architecture lut6_v of entity unisim.LUT6 [\LUT6(init="11111111110011111111...]
Compiling architecture lut6_v of entity unisim.LUT6 [\LUT6(init="11111111111110101111...]
Compiling architecture lut2_v of entity unisim.LUT2 [\LUT2(init="1000")(0,3)\]
Compiling architecture lut6_v of entity unisim.LUT6 [\LUT6(init="11111111111111111111...]
Compiling architecture lut4_v of entity unisim.LUT4 [\LUT4(init="1000111110001000")(0...]
Compiling architecture lut6_v of entity unisim.LUT6 [\LUT6(init="10101010101111111111...]
Compiling architecture lut6_v of entity unisim.LUT6 [\LUT6(init="11111111111111111111...]
Compiling architecture lut4_v of entity unisim.LUT4 [\LUT4(init="1111100010001000")(0...]
Compiling architecture lut6_v of entity unisim.LUT6 [\LUT6(init="11111111111111111111...]
Compiling architecture lut5_v of entity unisim.LUT5 [\LUT5(init="10101110111011111010...]
Compiling architecture lut3_v of entity unisim.LUT3 [\LUT3(init="00100000")(0,7)\]
Compiling architecture lut5_v of entity unisim.LUT5 [\LUT5(init="11111111111111101111...]
Compiling architecture lut6_v of entity unisim.LUT6 [\LUT6(init="11111111111111111111...]
Compiling architecture lut6_v of entity unisim.LUT6 [\LUT6(init="11111111111111111110...]
Compiling architecture lut6_v of entity unisim.LUT6 [\LUT6(init="11111111111111111111...]
Compiling architecture lut6_v of entity unisim.LUT6 [\LUT6(init="01100000011000001111...]
Compiling architecture lut6_v of entity unisim.LUT6 [\LUT6(init="10101011101111111111...]
Compiling architecture lut6_v of entity unisim.LUT6 [\LUT6(init="11111111111111111111...]
Compiling architecture lut6_v of entity unisim.LUT6 [\LUT6(init="11111111111111110000...]
Compiling architecture lut6_v of entity unisim.LUT6 [\LUT6(init="11111111111111111111...]
Compiling architecture lut5_v of entity unisim.LUT5 [\LUT5(init="00000000000000010000...]
Compiling architecture lut5_v of entity unisim.LUT5 [\LUT5(init="11111111110000001110...]
Compiling architecture lut6_v of entity unisim.LUT6 [\LUT6(init="00000000000010000000...]
Compiling architecture lut6_v of entity unisim.LUT6 [\LUT6(init="10001000111110001000...]
Compiling architecture lut6_v of entity unisim.LUT6 [\LUT6(init="00000000000000100000...]
Compiling architecture lut3_v of entity unisim.LUT3 [\LUT3(init="10101000")(0,7)\]
Compiling architecture lut3_v of entity unisim.LUT3 [\LUT3(init="10000000")(0,7)\]
Compiling architecture lut6_v of entity unisim.LUT6 [\LUT6(init="00000000000000000000...]
Compiling architecture lut6_v of entity unisim.LUT6 [\LUT6(init="00000000000000000000...]
Compiling architecture lut6_v of entity unisim.LUT6 [\LUT6(init="00000000000001000000...]
Compiling architecture lut6_v of entity unisim.LUT6 [\LUT6(init="11111010111110101111...]
Compiling architecture lut6_v of entity unisim.LUT6 [\LUT6(init="00000000000000000000...]
Compiling architecture lut6_v of entity unisim.LUT6 [\LUT6(init="00000000000000000000...]
Compiling architecture lut6_v of entity unisim.LUT6 [\LUT6(init="00000000000000000000...]
Compiling architecture lut3_v of entity unisim.LUT3 [\LUT3(init="00000010")(0,7)\]
Compiling architecture lut6_v of entity unisim.LUT6 [\LUT6(init="11111111111111111111...]
Compiling architecture lut6_v of entity unisim.LUT6 [\LUT6(init="11111111111111111111...]
Compiling architecture lut3_v of entity unisim.LUT3 [\LUT3(init="10101100")(0,7)\]
Compiling architecture lut4_v of entity unisim.LUT4 [\LUT4(init="1111000000100010")(0...]
Compiling architecture lut5_v of entity unisim.LUT5 [\LUT5(init="11111111000000001011...]
Compiling architecture lut5_v of entity unisim.LUT5 [\LUT5(init="10101010101010101100...]
Compiling architecture lut3_v of entity unisim.LUT3 [\LUT3(init="01111000")(0,7)\]
Compiling architecture structure of entity xil_defaultlib.Mux32In [mux32in_default]
Compiling architecture structure of entity xil_defaultlib.AluMux32In [alumux32in_default]
Compiling architecture carry4_v of entity unisim.CARRY4 [carry4_default]
Compiling architecture structure of entity xil_defaultlib.SLThen [slthen_default]
Compiling architecture structure of entity xil_defaultlib.SetLessThen [setlessthen_default]
Compiling architecture structure of entity xil_defaultlib.Mux5BitIn [mux5bitin_default]
Compiling architecture structure of entity xil_defaultlib.WriteRegSelect [writeregselect_default]
Compiling architecture lut6_v of entity unisim.LUT6 [\LUT6(init="00000000000000000000...]
Compiling architecture structure of entity xil_defaultlib.FlagZero [flagzero_default]
Compiling architecture structure of entity xil_defaultlib.ZeroFlag [zeroflag_default]
Compiling architecture structure of entity xil_defaultlib.SLThenU [slthenu_default]
Compiling architecture structure of entity xil_defaultlib.SetLessThenU [setlessthenu_default]
Compiling architecture structure of entity xil_defaultlib.UnAdder32_Bit [unadder32_bit_default]
Compiling architecture structure of entity xil_defaultlib.UnAdder [unadder_default]
Compiling architecture structure of entity xil_defaultlib.UnSub32_Bit [unsub32_bit_default]
Compiling architecture structure of entity xil_defaultlib.UnSub [unsub_default]
Compiling architecture structure of entity xil_defaultlib.ALU [alu_default]
Compiling architecture lut2_v of entity unisim.LUT2 [\LUT2(init="0001")(0,3)\]
Compiling architecture lut5_v of entity unisim.LUT5 [\LUT5(init="11110000101010101100...]
Compiling architecture lut3_v of entity unisim.LUT3 [\LUT3(init="00010000")(0,7)\]
Compiling architecture lut5_v of entity unisim.LUT5 [\LUT5(init="10111000101110111011...]
Compiling architecture lut5_v of entity unisim.LUT5 [\LUT5(init="11111111111001000000...]
Compiling architecture lut6_v of entity unisim.LUT6 [\LUT6(init="00000000111100001010...]
Compiling architecture lut6_v of entity unisim.LUT6 [\LUT6(init="10101111101000001100...]
Compiling architecture lut5_v of entity unisim.LUT5 [\LUT5(init="10111000111111111011...]
Compiling architecture lut4_v of entity unisim.LUT4 [\LUT4(init="0010111100000010")(0...]
Compiling architecture lut3_v of entity unisim.LUT3 [\LUT3(init="01000001")(0,7)\]
Compiling architecture lut6_v of entity unisim.LUT6 [\LUT6(init="10100101101001011010...]
Compiling architecture lut2_v of entity unisim.LUT2 [\LUT2(init="0110")(0,3)\]
Compiling architecture lut4_v of entity unisim.LUT4 [\LUT4(init="0010111100100000")(0...]
Compiling architecture lut5_v of entity unisim.LUT5 [\LUT5(init="00000000110011001111...]
Compiling architecture lut4_v of entity unisim.LUT4 [\LUT4(init="1100110111001000")(0...]
Compiling architecture lut6_v of entity unisim.LUT6 [\LUT6(init="00001100000010100000...]
Compiling architecture lut5_v of entity unisim.LUT5 [\LUT5(init="11110000111100011111...]
Compiling architecture lut4_v of entity unisim.LUT4 [\LUT4(init="0000101000001100")(0...]
Compiling architecture lut6_v of entity unisim.LUT6 [\LUT6(init="00001100000011000000...]
Compiling architecture lut6_v of entity unisim.LUT6 [\LUT6(init="11001101110010001111...]
Compiling architecture lut5_v of entity unisim.LUT5 [\LUT5(init="00010000111111110001...]
Compiling architecture lut6_v of entity unisim.LUT6 [\LUT6(init="00000000000100001111...]
Compiling architecture lut4_v of entity unisim.LUT4 [\LUT4(init="0000000000000010")(0...]
Compiling architecture lut6_v of entity unisim.LUT6 [\LUT6(init="11111111000000001111...]
Compiling architecture lut6_v of entity unisim.LUT6 [\LUT6(init="11111111000000001110...]
Compiling architecture lut6_v of entity unisim.LUT6 [\LUT6(init="11111100000011001111...]
Compiling architecture structure of entity xil_defaultlib.FullALU [fullalu_default]
Compiling architecture ibuf_v of entity unisim.IBUF [\IBUF(1,9)(1,1)(1,4)(1,7)\]
Compiling architecture obuf_v of entity unisim.OBUF [\OBUF(1,9)(1,7)(1,4)\]
Compiling architecture structure of entity xil_defaultlib.Add4In [add4in_default]
Compiling architecture structure of entity xil_defaultlib.Add4 [add4_default]
Compiling architecture structure of entity xil_defaultlib.Add2InBit [add2inbit_default]
Compiling architecture fdce_v of entity unisim.FDCE [fdce_default]
Compiling architecture lut1_v of entity unisim.LUT1 [\LUT1(init="0001")(0,3)\]
Compiling architecture structure of entity xil_defaultlib.ProgramCount [programcount_default]
Compiling architecture structure of entity xil_defaultlib.ProgramCounter [programcounter_default]
Compiling architecture lut6_v of entity unisim.LUT6 [\LUT6(init="00000000000000000000...]
Compiling architecture fdre_v of entity unisim.FDRE [fdre_default]
Compiling architecture structure of entity xil_defaultlib.Register_32Bit [register_32bit_default]
Compiling architecture lut6_v of entity unisim.LUT6 [\LUT6(init="10101000000010000000...]
Compiling architecture lut6_v of entity unisim.LUT6 [\LUT6(init="00100000001010100000...]
Compiling architecture structure of entity xil_defaultlib.Register_32Bit_0 [register_32bit_0_default]
Compiling architecture structure of entity xil_defaultlib.Register_32Bit_1 [register_32bit_1_default]
Compiling architecture structure of entity xil_defaultlib.Register_32Bit_2 [register_32bit_2_default]
Compiling architecture structure of entity xil_defaultlib.Register_32Bit_3 [register_32bit_3_default]
Compiling architecture structure of entity xil_defaultlib.Register_32Bit_4 [register_32bit_4_default]
Compiling architecture lut6_v of entity unisim.LUT6 [\LUT6(init="10001010100000000000...]
Compiling architecture structure of entity xil_defaultlib.Register_32Bit_5 [register_32bit_5_default]
Compiling architecture structure of entity xil_defaultlib.Register_32Bit_6 [register_32bit_6_default]
Compiling architecture muxf7_v of entity unisim.MUXF7 [muxf7_default]
Compiling architecture lut5_v of entity unisim.LUT5 [\LUT5(init="10101111110000001010...]
Compiling architecture structure of entity xil_defaultlib.Register_32Bit_7 [register_32bit_7_default]
Compiling architecture lut6_v of entity unisim.LUT6 [\LUT6(init="00000000000000000010...]
Compiling architecture structure of entity xil_defaultlib.Register_32Bit_8 [register_32bit_8_default]
Compiling architecture lut6_v of entity unisim.LUT6 [\LUT6(init="00000000000000000000...]
Compiling architecture structure of entity xil_defaultlib.Register_32Bit_9 [register_32bit_9_default]
Compiling architecture lut5_v of entity unisim.LUT5 [\LUT5(init="11111110111011101010...]
Compiling architecture lut5_v of entity unisim.LUT5 [\LUT5(init="11110010001000101111...]
Compiling architecture lut6_v of entity unisim.LUT6 [\LUT6(init="10111000111111111011...]
Compiling architecture lut6_v of entity unisim.LUT6 [\LUT6(init="11111111111111101110...]
Compiling architecture lut6_v of entity unisim.LUT6 [\LUT6(init="10101010101010101010...]
Compiling architecture lut5_v of entity unisim.LUT5 [\LUT5(init="00000000000000000000...]
Compiling architecture lut6_v of entity unisim.LUT6 [\LUT6(init="11110001000100011111...]
Compiling architecture lut5_v of entity unisim.LUT5 [\LUT5(init="11110111011101111111...]
Compiling architecture lut6_v of entity unisim.LUT6 [\LUT6(init="11111111111111110001...]
Compiling architecture lut4_v of entity unisim.LUT4 [\LUT4(init="1010101010111000")(0...]
Compiling architecture lut6_v of entity unisim.LUT6 [\LUT6(init="00000000000000000101...]
Compiling architecture lut5_v of entity unisim.LUT5 [\LUT5(init="11111111111010001110...]
Compiling architecture lut6_v of entity unisim.LUT6 [\LUT6(init="11111111111111111111...]
Compiling architecture lut6_v of entity unisim.LUT6 [\LUT6(init="11111010111110101111...]
Compiling architecture lut6_v of entity unisim.LUT6 [\LUT6(init="11110000111001000000...]
Compiling architecture lut6_v of entity unisim.LUT6 [\LUT6(init="11111111000100000001...]
Compiling architecture lut6_v of entity unisim.LUT6 [\LUT6(init="00000000101110001111...]
Compiling architecture lut6_v of entity unisim.LUT6 [\LUT6(init="11111111111111111111...]
Compiling architecture lut6_v of entity unisim.LUT6 [\LUT6(init="10101000101010001010...]
Compiling architecture lut3_v of entity unisim.LUT3 [\LUT3(init="11101010")(0,7)\]
Compiling architecture lut6_v of entity unisim.LUT6 [\LUT6(init="00000010000000000000...]
Compiling architecture lut4_v of entity unisim.LUT4 [\LUT4(init="0000000000000001")(0...]
Compiling architecture lut5_v of entity unisim.LUT5 [\LUT5(init="11111111111010101110...]
Compiling architecture lut5_v of entity unisim.LUT5 [\LUT5(init="11111111000110110000...]
Compiling architecture lut6_v of entity unisim.LUT6 [\LUT6(init="00000000000000000000...]
Compiling architecture lut3_v of entity unisim.LUT3 [\LUT3(init="01100000")(0,7)\]
Compiling architecture lut2_v of entity unisim.LUT2 [\LUT2(init="1110")(0,3)\]
Compiling architecture lut3_v of entity unisim.LUT3 [\LUT3(init="11110110")(0,7)\]
Compiling architecture lut3_v of entity unisim.LUT3 [\LUT3(init="01101001")(0,7)\]
Compiling architecture lut4_v of entity unisim.LUT4 [\LUT4(init="0000000011101011")(0...]
Compiling architecture lut5_v of entity unisim.LUT5 [\LUT5(init="10010110100001001001...]
Compiling architecture lut4_v of entity unisim.LUT4 [\LUT4(init="1001011000000000")(0...]
Compiling architecture lut2_v of entity unisim.LUT2 [\LUT2(init="0100")(0,3)\]
Compiling architecture lut3_v of entity unisim.LUT3 [\LUT3(init="10010000")(0,7)\]
Compiling architecture lut4_v of entity unisim.LUT4 [\LUT4(init="0110100110010110")(0...]
Compiling architecture lut6_v of entity unisim.LUT6 [\LUT6(init="00110111110010001110...]
Compiling architecture lut6_v of entity unisim.LUT6 [\LUT6(init="10100101011010010110...]
Compiling architecture lut6_v of entity unisim.LUT6 [\LUT6(init="10010110011010010110...]
Compiling architecture lut3_v of entity unisim.LUT3 [\LUT3(init="11101011")(0,7)\]
Compiling architecture lut4_v of entity unisim.LUT4 [\LUT4(init="1001011001101001")(0...]
Compiling architecture lut6_v of entity unisim.LUT6 [\LUT6(init="10011001111101101001...]
Compiling architecture lut4_v of entity unisim.LUT4 [\LUT4(init="0000011001100000")(0...]
Compiling architecture lut5_v of entity unisim.LUT5 [\LUT5(init="10010110011010010110...]
Compiling architecture lut5_v of entity unisim.LUT5 [\LUT5(init="00000000000000001111...]
Compiling architecture lut4_v of entity unisim.LUT4 [\LUT4(init="1111110111011001")(0...]
Compiling architecture lut2_v of entity unisim.LUT2 [\LUT2(init="1001")(0,3)\]
Compiling architecture lut3_v of entity unisim.LUT3 [\LUT3(init="00000110")(0,7)\]
Compiling architecture lut5_v of entity unisim.LUT5 [\LUT5(init="01101110111100100010...]
Compiling architecture lut5_v of entity unisim.LUT5 [\LUT5(init="00100000010001100000...]
Compiling architecture lut5_v of entity unisim.LUT5 [\LUT5(init="11000110001110010110...]
Compiling architecture lut5_v of entity unisim.LUT5 [\LUT5(init="00100111111001000100...]
Compiling architecture lut6_v of entity unisim.LUT6 [\LUT6(init="01101001100101100000...]
Compiling architecture lut6_v of entity unisim.LUT6 [\LUT6(init="01101100100100111001...]
Compiling architecture lut6_v of entity unisim.LUT6 [\LUT6(init="11011111111010010010...]
Compiling architecture lut6_v of entity unisim.LUT6 [\LUT6(init="00111100100110011100...]
Compiling architecture lut3_v of entity unisim.LUT3 [\LUT3(init="10010110")(0,7)\]
Compiling architecture structure of entity xil_defaultlib.Register_32Bit_10 [register_32bit_10_default]
Compiling architecture structure of entity xil_defaultlib.Register_32Bit_11 [register_32bit_11_default]
Compiling architecture lut6_v of entity unisim.LUT6 [\LUT6(init="00000000000010001000...]
Compiling architecture structure of entity xil_defaultlib.Register_32Bit_12 [register_32bit_12_default]
Compiling architecture structure of entity xil_defaultlib.Register_32Bit_13 [register_32bit_13_default]
Compiling architecture structure of entity xil_defaultlib.Register_32Bit_14 [register_32bit_14_default]
Compiling architecture structure of entity xil_defaultlib.Register_32Bit_15 [register_32bit_15_default]
Compiling architecture structure of entity xil_defaultlib.Register_32Bit_16 [register_32bit_16_default]
Compiling architecture structure of entity xil_defaultlib.Register_32Bit_17 [register_32bit_17_default]
Compiling architecture structure of entity xil_defaultlib.Register_32Bit_18 [register_32bit_18_default]
Compiling architecture structure of entity xil_defaultlib.Register_32Bit_19 [register_32bit_19_default]
Compiling architecture lut6_v of entity unisim.LUT6 [\LUT6(init="00100010001000000000...]
Compiling architecture structure of entity xil_defaultlib.Register_32Bit_20 [register_32bit_20_default]
Compiling architecture structure of entity xil_defaultlib.Register_32Bit_21 [register_32bit_21_default]
Compiling architecture structure of entity xil_defaultlib.Register_32Bit_22 [register_32bit_22_default]
Compiling architecture structure of entity xil_defaultlib.Register_32Bit_23 [register_32bit_23_default]
Compiling architecture structure of entity xil_defaultlib.Register_32Bit_24 [register_32bit_24_default]
Compiling architecture structure of entity xil_defaultlib.Register_32Bit_25 [register_32bit_25_default]
Compiling architecture structure of entity xil_defaultlib.Register_32Bit_26 [register_32bit_26_default]
Compiling architecture structure of entity xil_defaultlib.Register_32Bit_27 [register_32bit_27_default]
Compiling architecture structure of entity xil_defaultlib.Register_32Bit_28 [register_32bit_28_default]
Compiling architecture lut6_v of entity unisim.LUT6 [\LUT6(init="00000000000000000000...]
Compiling architecture structure of entity xil_defaultlib.Register_32Bit_29 [register_32bit_29_default]
Compiling architecture structure of entity xil_defaultlib.Registers [registers_default]
Compiling architecture structure of entity xil_defaultlib.RegisterFile [registerfile_default]
Compiling architecture bufg_v of entity unisim.BUFG [bufg_default]
Compiling architecture structure of entity xil_defaultlib.datapath
Built simulation snapshot DataPath_func_synth
