INFO: [VRFC 10-163] Analyzing VHDL file "C:/Users/adams/Documents/Final Year Project/CPU/ALU.sim/sim_1/impl/func/xsim/DataPath_func_impl.vhd" into library xil_defaultlib
INFO: [VRFC 10-3107] analyzing entity 'Add2InBit'
INFO: [VRFC 10-3107] analyzing entity 'Add4In'
INFO: [VRFC 10-3107] analyzing entity 'Final'
INFO: [VRFC 10-3107] analyzing entity 'FlagZero'
INFO: [VRFC 10-3107] analyzing entity 'Mux32In'
INFO: [VRFC 10-3107] analyzing entity 'Mux5BitIn'
INFO: [VRFC 10-3107] analyzing entity 'ProgramCount'
INFO: [VRFC 10-3107] analyzing entity 'Register_32Bit'
INFO: [VRFC 10-3107] analyzing entity 'Register_32Bit_0'
INFO: [VRFC 10-3107] analyzing entity 'Register_32Bit_1'
INFO: [VRFC 10-3107] analyzing entity 'Register_32Bit_10'
INFO: [VRFC 10-3107] analyzing entity 'Register_32Bit_11'
INFO: [VRFC 10-3107] analyzing entity 'Register_32Bit_12'
INFO: [VRFC 10-3107] analyzing entity 'Register_32Bit_13'
INFO: [VRFC 10-3107] analyzing entity 'Register_32Bit_14'
INFO: [VRFC 10-3107] analyzing entity 'Register_32Bit_15'
INFO: [VRFC 10-3107] analyzing entity 'Register_32Bit_16'
INFO: [VRFC 10-3107] analyzing entity 'Register_32Bit_17'
INFO: [VRFC 10-3107] analyzing entity 'Register_32Bit_18'
INFO: [VRFC 10-3107] analyzing entity 'Register_32Bit_19'
INFO: [VRFC 10-3107] analyzing entity 'Register_32Bit_2'
INFO: [VRFC 10-3107] analyzing entity 'Register_32Bit_20'
INFO: [VRFC 10-3107] analyzing entity 'Register_32Bit_21'
INFO: [VRFC 10-3107] analyzing entity 'Register_32Bit_22'
INFO: [VRFC 10-3107] analyzing entity 'Register_32Bit_23'
INFO: [VRFC 10-3107] analyzing entity 'Register_32Bit_24'
INFO: [VRFC 10-3107] analyzing entity 'Register_32Bit_25'
INFO: [VRFC 10-3107] analyzing entity 'Register_32Bit_26'
INFO: [VRFC 10-3107] analyzing entity 'Register_32Bit_27'
INFO: [VRFC 10-3107] analyzing entity 'Register_32Bit_28'
INFO: [VRFC 10-3107] analyzing entity 'Register_32Bit_29'
INFO: [VRFC 10-3107] analyzing entity 'Register_32Bit_3'
INFO: [VRFC 10-3107] analyzing entity 'Register_32Bit_4'
INFO: [VRFC 10-3107] analyzing entity 'Register_32Bit_5'
INFO: [VRFC 10-3107] analyzing entity 'Register_32Bit_6'
INFO: [VRFC 10-3107] analyzing entity 'Register_32Bit_7'
INFO: [VRFC 10-3107] analyzing entity 'Register_32Bit_8'
INFO: [VRFC 10-3107] analyzing entity 'Register_32Bit_9'
INFO: [VRFC 10-3107] analyzing entity 'SLThen'
INFO: [VRFC 10-3107] analyzing entity 'SLThenU'
INFO: [VRFC 10-3107] analyzing entity 'UnAdder32_Bit'
INFO: [VRFC 10-3107] analyzing entity 'UnSub32_Bit'
INFO: [VRFC 10-3107] analyzing entity 'Add4'
INFO: [VRFC 10-3107] analyzing entity 'AluMux32In'
INFO: [VRFC 10-3107] analyzing entity 'ProgramCounter'
INFO: [VRFC 10-3107] analyzing entity 'Registers'
INFO: [VRFC 10-3107] analyzing entity 'SetLessThen'
INFO: [VRFC 10-3107] analyzing entity 'SetLessThenU'
INFO: [VRFC 10-3107] analyzing entity 'TwoInMux'
INFO: [VRFC 10-3107] analyzing entity 'UnAdder'
INFO: [VRFC 10-3107] analyzing entity 'UnSub'
INFO: [VRFC 10-3107] analyzing entity 'WriteRegSelect'
INFO: [VRFC 10-3107] analyzing entity 'ZeroFlag'
INFO: [VRFC 10-3107] analyzing entity 'ALU'
INFO: [VRFC 10-3107] analyzing entity 'RegisterFile'
INFO: [VRFC 10-3107] analyzing entity 'FullALU'
INFO: [VRFC 10-3107] analyzing entity 'DataPath'
